[2026-01-18 18:34:14] [INFO] [robbin0919] [N/A] 執行憑證清單查詢
[2026-01-18 18:34:55] [INFO] [robbin0919] [ZZZ] 準備更新憑證: ZZZ
[2026-01-18 18:35:00] [INFO] [robbin0919] [ZZZ] 憑證更新成功。
[2026-01-18 18:38:41] [INFO] [robbin0919] [N/A] 執行憑證清單查詢
[2026-01-18 18:39:10] [INFO] [robbin0919] [N/A] 執行憑證清單查詢
[2026-01-18 18:45:33] [INFO] [robbin0919] [N/A] 執行憑證清單查詢
[2026-01-18 18:46:02] [INFO] [robbin0919] [AAA] 準備更新憑證: AAA
[2026-01-18 18:46:02] [INFO] [robbin0919] [N/A] 正在產生新的 AES Master Key...
[2026-01-18 18:46:05] [INFO] [robbin0919] [AAA] 憑證更新成功 (AES)。
[2026-01-18 18:48:38] [INFO] [robbin0919] [N/A] 執行憑證清單查詢
[2026-01-18 19:46:08] [INFO] [robbin0919] [N/A] 執行憑證清單查詢
[2026-01-18 19:47:03] [INFO] [robbin0919] [N/A] 執行憑證清單查詢
[2026-01-18 22:20:52] [INFO] [robbin0919] [AAA] 準備更新憑證: AAA
[2026-01-18 22:20:55] [INFO] [robbin0919] [N/A] 正在產生新的 AES Master Key (Base64)...
[2026-01-18 22:23:45] [INFO] [robbin0919] [AAA] 準備更新憑證: AAA
[2026-01-18 22:26:44] [INFO] [robbin0919] [AAA] 準備更新憑證: AAA
[2026-01-18 22:26:47] [ERROR] [robbin0919] [AAA] 設定失敗: 密碼長度為 0 或物件為空，無法加密。
[2026-01-18 22:29:58] [INFO] [robbin0919] [AAA] 準備更新憑證: AAA
[2026-01-18 22:30:02] [ERROR] [robbin0919] [AAA] 密碼不能為空。
[2026-01-18 22:32:47] [INFO] [robbin0919] [AAA] 準備更新憑證: AAA
[2026-01-18 22:33:11] [INFO] [robbin0919] [AAA] 憑證更新成功 (AES)。
[2026-01-18 22:37:21] [INFO] [robbin0919] [AAA] 準備更新憑證: AAA
[2026-01-18 22:37:38] [INFO] [robbin0919] [N/A] 正在產生新的 AES Master Key (Base64)...
[2026-01-18 22:37:38] [WARNING] [robbin0919] [N/A] 已產生新的 Master Key: D:\LAB\Notebook\PowerShell_Guide\Credential_Tools\Data\master.key
[2026-01-18 22:37:38] [INFO] [robbin0919] [AAA] 憑證更新成功 (AES)。
[2026-01-18 22:40:46] [INFO] [robbin0919] [BVBB] 準備更新憑證: BVBB
[2026-01-18 22:41:34] [INFO] [robbin0919] [BVBB] 憑證更新成功 (AES)。
